[2018-10-09 06:25:35,238] ERROR task_18: cannot get frame #0
Traceback (most recent call last):
  File "/home/yilinma/Documents/LabellingTool/cvat/cvat/apps/engine/views.py", line 120, in get_frame
    return sendfile(request, path)
  File "/home/yilinma/Documents/LabellingTool/cvat/cvat/venv_labelling_tool/lib/python3.6/site-packages/sendfile/__init__.py", line 59, in sendfile
    raise Http404('"%s" does not exist' % filename)
django.http.response.Http404: "/home/yilinma/Documents/LabellingTool/cvat/data/18/data/0/0/0.jpg" does not exist
[2018-10-09 08:35:06,600] INFO task_18: get task request
[2018-10-09 08:35:06,604] ERROR task_18: cannot get task
Traceback (most recent call last):
  File "/home/yilinma/Documents/LabellingTool/cvat/cvat/apps/engine/views.py", line 163, in get_task
    response = task.get(tid)
  File "/home/yilinma/Documents/LabellingTool/cvat/cvat/apps/engine/task.py", line 169, in get
    segment_length = max(db_segments[0].stop_frame - db_segments[0].start_frame + 1, 1)
IndexError: list index out of range
[2018-10-09 08:35:11,903] INFO task_18: dump annotation request
[2018-10-09 08:35:14,914] INFO task_18: check annotation
[2018-10-09 08:35:17,915] INFO task_18: check annotation
[2018-10-09 08:35:20,914] INFO task_18: check annotation
[2018-10-09 08:35:23,913] INFO task_18: check annotation
[2018-10-09 08:35:26,913] INFO task_18: check annotation
[2018-10-09 08:35:29,913] INFO task_18: check annotation
[2018-10-09 08:35:32,915] INFO task_18: check annotation
[2018-10-09 08:35:35,914] INFO task_18: check annotation
[2018-10-09 08:35:38,913] INFO task_18: check annotation
[2018-10-09 08:35:41,913] INFO task_18: check annotation
[2018-10-09 08:35:44,913] INFO task_18: check annotation
[2018-10-09 08:35:47,913] INFO task_18: check annotation
[2018-10-09 08:35:50,913] INFO task_18: check annotation
[2018-10-09 08:35:53,914] INFO task_18: check annotation
[2018-10-09 08:35:56,914] INFO task_18: check annotation
[2018-10-09 08:35:59,914] INFO task_18: check annotation
[2018-10-09 08:36:02,914] INFO task_18: check annotation
[2018-10-09 08:36:05,914] INFO task_18: check annotation
[2018-10-09 08:36:08,914] INFO task_18: check annotation
[2018-10-09 08:36:11,914] INFO task_18: check annotation
[2018-10-09 08:36:14,914] INFO task_18: check annotation
[2018-10-09 08:36:17,913] INFO task_18: check annotation
[2018-10-09 08:36:20,918] INFO task_18: check annotation
[2018-10-09 08:36:23,917] INFO task_18: check annotation
[2018-10-09 08:36:26,913] INFO task_18: check annotation
[2018-10-09 08:36:29,913] INFO task_18: check annotation
[2018-10-09 08:36:32,913] INFO task_18: check annotation
[2018-10-09 08:36:35,915] INFO task_18: check annotation
[2018-10-09 08:36:38,913] INFO task_18: check annotation
[2018-10-09 08:36:41,914] INFO task_18: check annotation
[2018-10-09 08:36:44,913] INFO task_18: check annotation
[2018-10-09 08:36:47,919] INFO task_18: check annotation
[2018-10-09 08:36:50,915] INFO task_18: check annotation
[2018-10-09 08:36:53,914] INFO task_18: check annotation
[2018-10-09 08:36:56,915] INFO task_18: check annotation
[2018-10-09 08:36:59,914] INFO task_18: check annotation
[2018-10-09 08:37:02,914] INFO task_18: check annotation
[2018-10-09 08:37:05,914] INFO task_18: check annotation
[2018-10-09 08:37:08,913] INFO task_18: check annotation
[2018-10-09 08:37:11,923] INFO task_18: check annotation
[2018-10-09 08:37:14,913] INFO task_18: check annotation
[2018-10-09 08:37:17,913] INFO task_18: check annotation
[2018-10-09 08:37:20,913] INFO task_18: check annotation
[2018-10-09 08:37:23,919] INFO task_18: check annotation
[2018-10-09 08:37:26,913] INFO task_18: check annotation
[2018-10-09 08:37:29,915] INFO task_18: check annotation
[2018-10-09 08:37:32,913] INFO task_18: check annotation
[2018-10-09 08:37:35,916] INFO task_18: check annotation
[2018-10-09 08:37:38,913] INFO task_18: check annotation
[2018-10-09 08:37:41,913] INFO task_18: check annotation
[2018-10-09 08:37:44,917] INFO task_18: check annotation
[2018-10-09 08:37:47,913] INFO task_18: check annotation
[2018-10-09 08:37:50,913] INFO task_18: check annotation
[2018-10-09 08:37:53,913] INFO task_18: check annotation
[2018-10-09 08:37:56,913] INFO task_18: check annotation
[2018-10-09 08:37:59,913] INFO task_18: check annotation
[2018-10-09 08:38:02,917] INFO task_18: check annotation
[2018-10-09 08:38:05,913] INFO task_18: check annotation
[2018-10-09 08:38:08,913] INFO task_18: check annotation
[2018-10-09 08:38:11,917] INFO task_18: check annotation
[2018-10-09 08:38:14,913] INFO task_18: check annotation
[2018-10-09 08:38:17,914] INFO task_18: check annotation
[2018-10-09 08:38:20,913] INFO task_18: check annotation
[2018-10-09 08:38:23,913] INFO task_18: check annotation
[2018-10-09 08:38:26,916] INFO task_18: check annotation
[2018-10-09 08:38:29,917] INFO task_18: check annotation
[2018-10-09 08:38:32,914] INFO task_18: check annotation
[2018-10-09 08:38:35,913] INFO task_18: check annotation
[2018-10-09 08:38:38,915] INFO task_18: check annotation
[2018-10-09 08:38:41,915] INFO task_18: check annotation
[2018-10-09 08:38:44,914] INFO task_18: check annotation
[2018-10-09 08:38:48,708] INFO task_18: check annotation
[2018-10-09 08:38:51,708] INFO task_18: check annotation
[2018-10-09 08:38:54,707] INFO task_18: check annotation
[2018-10-09 08:38:57,708] INFO task_18: check annotation
[2018-10-09 08:39:00,709] INFO task_18: check annotation
[2018-10-09 08:39:03,720] INFO task_18: check annotation
[2018-10-09 08:39:06,709] INFO task_18: check annotation
[2018-10-09 08:39:09,708] INFO task_18: check annotation
[2018-10-09 08:39:12,708] INFO task_18: check annotation
[2018-10-09 08:39:15,710] INFO task_18: check annotation
[2018-10-09 08:39:18,709] INFO task_18: check annotation
[2018-10-09 08:39:21,722] INFO task_18: check annotation
[2018-10-09 08:39:24,708] INFO task_18: check annotation
[2018-10-09 08:39:27,707] INFO task_18: check annotation
[2018-10-09 08:39:30,708] INFO task_18: check annotation
[2018-10-09 08:39:33,718] INFO task_18: check annotation
[2018-10-09 08:39:36,708] INFO task_18: check annotation
[2018-10-09 08:39:39,717] INFO task_18: check annotation
[2018-10-09 08:39:42,708] INFO task_18: check annotation
[2018-10-09 08:39:45,708] INFO task_18: check annotation
[2018-10-09 08:39:48,718] INFO task_18: check annotation
[2018-10-09 08:39:51,718] INFO task_18: check annotation
[2018-10-09 08:39:54,718] INFO task_18: check annotation
[2018-10-09 08:39:57,720] INFO task_18: check annotation
[2018-10-09 08:40:00,708] INFO task_18: check annotation
[2018-10-09 08:40:03,711] INFO task_18: check annotation
[2018-10-09 08:40:06,710] INFO task_18: check annotation
[2018-10-09 08:40:09,710] INFO task_18: check annotation
[2018-10-09 08:40:12,708] INFO task_18: check annotation
[2018-10-09 08:40:15,716] INFO task_18: check annotation
[2018-10-09 08:40:18,708] INFO task_18: check annotation
[2018-10-09 08:40:21,708] INFO task_18: check annotation
[2018-10-09 08:40:24,708] INFO task_18: check annotation
[2018-10-09 08:40:27,718] INFO task_18: check annotation
[2018-10-09 08:40:30,708] INFO task_18: check annotation
[2018-10-09 08:40:33,708] INFO task_18: check annotation
[2018-10-09 08:40:36,708] INFO task_18: check annotation
[2018-10-09 08:40:39,710] INFO task_18: check annotation
[2018-10-09 08:40:42,711] INFO task_18: check annotation
[2018-10-09 08:40:45,708] INFO task_18: check annotation
[2018-10-09 08:40:48,710] INFO task_18: check annotation
[2018-10-09 08:40:51,710] INFO task_18: check annotation
[2018-10-09 08:40:54,708] INFO task_18: check annotation
[2018-10-09 08:40:57,717] INFO task_18: check annotation
[2018-10-09 08:41:00,711] INFO task_18: check annotation
[2018-10-09 08:41:03,710] INFO task_18: check annotation
[2018-10-09 08:41:06,708] INFO task_18: check annotation
[2018-10-09 08:41:09,709] INFO task_18: check annotation
[2018-10-09 08:41:12,709] INFO task_18: check annotation
[2018-10-09 08:41:15,714] INFO task_18: check annotation
[2018-10-09 08:41:18,711] INFO task_18: check annotation
[2018-10-09 08:41:21,710] INFO task_18: check annotation
[2018-10-09 08:41:24,708] INFO task_18: check annotation
[2018-10-09 08:41:27,711] INFO task_18: check annotation
[2018-10-09 08:41:30,715] INFO task_18: check annotation
[2018-10-09 08:41:33,720] INFO task_18: check annotation
[2018-10-09 08:41:36,710] INFO task_18: check annotation
[2018-10-09 08:41:39,710] INFO task_18: check annotation
[2018-10-09 08:41:42,718] INFO task_18: check annotation
[2018-10-09 08:41:45,710] INFO task_18: check annotation
[2018-10-09 08:41:48,710] INFO task_18: check annotation
[2018-10-09 08:41:51,714] INFO task_18: check annotation
[2018-10-09 08:41:54,718] INFO task_18: check annotation
[2018-10-09 08:41:57,708] INFO task_18: check annotation
[2018-10-09 08:42:00,710] INFO task_18: check annotation
[2018-10-09 08:42:03,708] INFO task_18: check annotation
[2018-10-09 08:42:06,707] INFO task_18: check annotation
[2018-10-09 08:42:09,708] INFO task_18: check annotation
[2018-10-09 08:42:12,708] INFO task_18: check annotation
[2018-10-09 08:42:15,708] INFO task_18: check annotation
[2018-10-09 08:42:18,720] INFO task_18: check annotation
[2018-10-09 08:42:21,719] INFO task_18: check annotation
[2018-10-09 08:42:24,711] INFO task_18: check annotation
[2018-10-09 08:42:27,709] INFO task_18: check annotation
[2018-10-09 08:42:30,716] INFO task_18: check annotation
[2018-10-09 08:42:33,716] INFO task_18: check annotation
[2018-10-09 08:42:36,708] INFO task_18: check annotation
[2018-10-09 08:42:39,708] INFO task_18: check annotation
[2018-10-09 08:42:42,708] INFO task_18: check annotation
[2018-10-09 08:42:45,710] INFO task_18: check annotation
[2018-10-09 08:42:48,717] INFO task_18: check annotation
[2018-10-09 08:42:51,715] INFO task_18: check annotation
[2018-10-09 08:42:54,713] INFO task_18: check annotation
[2018-10-09 08:42:57,709] INFO task_18: check annotation
[2018-10-09 08:43:00,710] INFO task_18: check annotation
[2018-10-09 08:43:03,716] INFO task_18: check annotation
[2018-10-09 08:43:06,708] INFO task_18: check annotation
[2018-10-09 08:43:09,720] INFO task_18: check annotation
[2018-10-09 08:43:12,708] INFO task_18: check annotation
[2018-10-09 08:43:15,708] INFO task_18: check annotation
[2018-10-09 08:43:18,707] INFO task_18: check annotation
[2018-10-09 08:43:21,712] INFO task_18: check annotation
[2018-10-09 08:43:24,719] INFO task_18: check annotation
[2018-10-09 08:43:27,708] INFO task_18: check annotation
[2018-10-09 08:43:30,711] INFO task_18: check annotation
[2018-10-09 08:43:33,710] INFO task_18: check annotation
[2018-10-09 08:43:36,717] INFO task_18: check annotation
[2018-10-09 08:43:39,720] INFO task_18: check annotation
[2018-10-09 08:43:42,718] INFO task_18: check annotation
[2018-10-09 08:43:45,708] INFO task_18: check annotation
[2018-10-09 08:43:48,708] INFO task_18: check annotation
[2018-10-09 08:43:51,708] INFO task_18: check annotation
[2018-10-09 08:43:54,708] INFO task_18: check annotation
[2018-10-09 08:43:57,708] INFO task_18: check annotation
[2018-10-09 08:44:00,708] INFO task_18: check annotation
[2018-10-09 08:44:03,708] INFO task_18: check annotation
[2018-10-09 08:44:06,708] INFO task_18: check annotation
[2018-10-09 08:44:09,708] INFO task_18: check annotation
[2018-10-09 08:44:12,708] INFO task_18: check annotation
[2018-10-09 08:44:15,719] INFO task_18: check annotation
[2018-10-09 08:44:18,720] INFO task_18: check annotation
[2018-10-09 08:44:21,720] INFO task_18: check annotation
[2018-10-09 08:44:24,709] INFO task_18: check annotation
[2018-10-09 08:44:27,709] INFO task_18: check annotation
[2018-10-09 08:44:30,708] INFO task_18: check annotation
[2018-10-09 08:44:33,711] INFO task_18: check annotation
[2018-10-09 08:44:36,708] INFO task_18: check annotation
[2018-10-09 08:44:39,708] INFO task_18: check annotation
[2018-10-09 08:44:42,708] INFO task_18: check annotation
[2018-10-09 08:44:45,708] INFO task_18: check annotation
[2018-10-09 08:44:48,708] INFO task_18: check annotation
[2018-10-09 08:44:51,708] INFO task_18: check annotation
[2018-10-09 08:44:54,708] INFO task_18: check annotation
[2018-10-09 08:44:57,720] INFO task_18: check annotation
[2018-10-09 08:45:00,708] INFO task_18: check annotation
[2018-10-09 08:45:03,709] INFO task_18: check annotation
[2018-10-09 08:45:06,708] INFO task_18: check annotation
[2018-10-09 08:45:09,708] INFO task_18: check annotation
[2018-10-09 08:45:12,719] INFO task_18: check annotation
[2018-10-09 08:45:15,708] INFO task_18: check annotation
[2018-10-09 08:45:18,708] INFO task_18: check annotation
[2018-10-09 08:45:21,718] INFO task_18: check annotation
[2018-10-09 08:45:24,718] INFO task_18: check annotation
[2018-10-09 08:45:27,718] INFO task_18: check annotation
[2018-10-09 08:45:30,708] INFO task_18: check annotation
[2018-10-09 08:45:33,719] INFO task_18: check annotation
[2018-10-09 08:45:36,718] INFO task_18: check annotation
[2018-10-09 08:45:39,709] INFO task_18: check annotation
[2018-10-09 08:45:42,718] INFO task_18: check annotation
[2018-10-09 08:45:45,719] INFO task_18: check annotation
[2018-10-09 08:45:48,708] INFO task_18: check annotation
[2018-10-09 08:45:51,716] INFO task_18: check annotation
[2018-10-09 08:45:54,713] INFO task_18: check annotation
[2018-10-09 08:45:57,720] INFO task_18: check annotation
[2018-10-09 08:46:00,720] INFO task_18: check annotation
[2018-10-09 08:46:03,719] INFO task_18: check annotation
[2018-10-09 08:46:06,720] INFO task_18: check annotation
[2018-10-09 08:46:09,718] INFO task_18: check annotation
[2018-10-09 08:46:12,716] INFO task_18: check annotation
[2018-10-09 08:46:15,718] INFO task_18: check annotation
[2018-10-09 08:46:18,719] INFO task_18: check annotation
[2018-10-09 08:46:21,718] INFO task_18: check annotation
[2018-10-09 08:46:24,717] INFO task_18: check annotation
[2018-10-09 08:46:27,709] INFO task_18: check annotation
[2018-10-09 08:46:30,720] INFO task_18: check annotation
[2018-10-09 08:46:33,720] INFO task_18: check annotation
[2018-10-09 08:46:36,718] INFO task_18: check annotation
[2018-10-09 08:46:39,718] INFO task_18: check annotation
[2018-10-09 08:46:42,718] INFO task_18: check annotation
[2018-10-09 08:46:45,716] INFO task_18: check annotation
[2018-10-09 08:46:48,717] INFO task_18: check annotation
[2018-10-09 08:46:51,718] INFO task_18: check annotation
[2018-10-09 08:46:54,718] INFO task_18: check annotation
[2018-10-09 08:46:57,720] INFO task_18: check annotation
[2018-10-09 08:47:00,710] INFO task_18: check annotation
[2018-10-09 08:47:03,719] INFO task_18: check annotation
[2018-10-09 08:47:06,722] INFO task_18: check annotation
[2018-10-09 08:47:09,720] INFO task_18: check annotation
[2018-10-09 08:47:12,708] INFO task_18: check annotation
[2018-10-09 08:47:15,719] INFO task_18: check annotation
[2018-10-09 08:47:18,720] INFO task_18: check annotation
[2018-10-09 08:47:21,722] INFO task_18: check annotation
[2018-10-09 08:47:24,715] INFO task_18: check annotation
[2018-10-09 08:47:27,717] INFO task_18: check annotation
[2018-10-09 08:47:30,709] INFO task_18: check annotation
[2018-10-09 08:47:33,708] INFO task_18: check annotation
[2018-10-09 08:47:36,718] INFO task_18: check annotation
[2018-10-09 08:47:39,711] INFO task_18: check annotation
[2018-10-09 08:47:42,711] INFO task_18: check annotation
[2018-10-09 08:47:45,708] INFO task_18: check annotation
[2018-10-09 08:47:48,708] INFO task_18: check annotation
[2018-10-09 08:47:51,708] INFO task_18: check annotation
[2018-10-09 08:47:54,711] INFO task_18: check annotation
[2018-10-09 08:47:57,708] INFO task_18: check annotation
[2018-10-09 08:48:00,708] INFO task_18: check annotation
[2018-10-09 08:48:03,717] INFO task_18: check annotation
[2018-10-09 08:48:06,710] INFO task_18: check annotation
[2018-10-09 08:48:09,708] INFO task_18: check annotation
[2018-10-09 08:48:12,708] INFO task_18: check annotation
[2018-10-09 08:48:15,707] INFO task_18: check annotation
[2018-10-09 08:48:18,708] INFO task_18: check annotation
[2018-10-09 08:48:21,708] INFO task_18: check annotation
[2018-10-09 08:48:24,709] INFO task_18: check annotation
[2018-10-09 08:48:27,708] INFO task_18: check annotation
[2018-10-09 08:48:30,708] INFO task_18: check annotation
[2018-10-09 08:48:33,709] INFO task_18: check annotation
[2018-10-09 08:48:36,712] INFO task_18: check annotation
[2018-10-09 08:48:39,708] INFO task_18: check annotation
[2018-10-09 08:48:42,708] INFO task_18: check annotation
[2018-10-09 08:48:45,717] INFO task_18: check annotation
[2018-10-09 08:48:48,708] INFO task_18: check annotation
[2018-10-09 08:48:51,708] INFO task_18: check annotation
[2018-10-09 08:48:54,707] INFO task_18: check annotation
[2018-10-09 08:48:57,709] INFO task_18: check annotation
[2018-10-09 08:49:00,708] INFO task_18: check annotation
[2018-10-09 08:49:03,708] INFO task_18: check annotation
[2018-10-09 08:49:06,709] INFO task_18: check annotation
[2018-10-09 08:49:09,708] INFO task_18: check annotation
[2018-10-09 08:49:12,708] INFO task_18: check annotation
[2018-10-09 08:49:15,708] INFO task_18: check annotation
[2018-10-09 08:49:18,708] INFO task_18: check annotation
[2018-10-09 08:49:21,708] INFO task_18: check annotation
[2018-10-09 08:49:24,708] INFO task_18: check annotation
[2018-10-09 08:49:27,708] INFO task_18: check annotation
[2018-10-09 08:49:30,708] INFO task_18: check annotation
[2018-10-09 08:49:33,717] INFO task_18: check annotation
[2018-10-09 08:49:36,717] INFO task_18: check annotation
[2018-10-09 08:49:39,708] INFO task_18: check annotation
[2018-10-09 08:49:42,716] INFO task_18: check annotation
[2018-10-09 08:49:45,711] INFO task_18: check annotation
[2018-10-09 08:49:48,709] INFO task_18: check annotation
[2018-10-09 08:49:51,708] INFO task_18: check annotation
[2018-10-09 08:49:54,708] INFO task_18: check annotation
[2018-10-09 08:49:57,712] INFO task_18: check annotation
[2018-10-09 08:50:00,720] INFO task_18: check annotation
[2018-10-09 08:50:03,719] INFO task_18: check annotation
[2018-10-09 08:50:06,719] INFO task_18: check annotation
[2018-10-09 08:50:09,710] INFO task_18: check annotation
[2018-10-09 08:50:12,716] INFO task_18: check annotation
[2018-10-09 08:50:15,709] INFO task_18: check annotation
[2018-10-09 08:50:18,712] INFO task_18: check annotation
[2018-10-09 08:50:21,716] INFO task_18: check annotation
[2018-10-09 08:50:24,708] INFO task_18: check annotation
[2018-10-09 08:50:27,716] INFO task_18: check annotation
[2018-10-09 08:50:30,708] INFO task_18: check annotation
[2018-10-09 08:50:33,719] INFO task_18: check annotation
[2018-10-09 08:50:36,708] INFO task_18: check annotation
[2018-10-09 08:50:39,708] INFO task_18: check annotation
[2018-10-09 08:50:42,708] INFO task_18: check annotation
[2018-10-09 08:50:45,708] INFO task_18: check annotation
[2018-10-09 08:50:48,708] INFO task_18: check annotation
[2018-10-09 08:50:51,718] INFO task_18: check annotation
[2018-10-09 08:50:54,707] INFO task_18: check annotation
[2018-10-09 08:50:57,711] INFO task_18: check annotation
[2018-10-09 08:51:00,719] INFO task_18: check annotation
[2018-10-09 08:51:03,720] INFO task_18: check annotation
[2018-10-09 08:51:06,710] INFO task_18: check annotation
[2018-10-09 08:51:09,708] INFO task_18: check annotation
[2018-10-09 08:51:12,708] INFO task_18: check annotation
[2018-10-09 08:51:15,710] INFO task_18: check annotation
[2018-10-09 08:51:18,719] INFO task_18: check annotation
[2018-10-09 08:51:21,708] INFO task_18: check annotation
[2018-10-09 08:51:24,715] INFO task_18: check annotation
[2018-10-09 08:51:27,718] INFO task_18: check annotation
[2018-10-09 08:51:30,711] INFO task_18: check annotation
[2018-10-09 08:51:33,720] INFO task_18: check annotation
[2018-10-09 08:51:36,717] INFO task_18: check annotation
[2018-10-09 08:51:39,719] INFO task_18: check annotation
[2018-10-09 08:51:42,708] INFO task_18: check annotation
[2018-10-09 08:51:45,708] INFO task_18: check annotation
[2018-10-09 08:51:48,708] INFO task_18: check annotation
[2018-10-09 08:51:51,720] INFO task_18: check annotation
[2018-10-09 08:51:54,709] INFO task_18: check annotation
[2018-10-09 08:51:57,709] INFO task_18: check annotation
[2018-10-09 08:52:00,708] INFO task_18: check annotation
[2018-10-09 08:52:03,708] INFO task_18: check annotation
[2018-10-09 08:52:06,710] INFO task_18: check annotation
[2018-10-09 08:52:09,708] INFO task_18: check annotation
[2018-10-09 08:52:12,708] INFO task_18: check annotation
[2018-10-09 08:52:15,710] INFO task_18: check annotation
[2018-10-09 08:52:18,709] INFO task_18: check annotation
[2018-10-09 08:52:21,709] INFO task_18: check annotation
[2018-10-09 08:52:24,717] INFO task_18: check annotation
[2018-10-09 08:52:27,708] INFO task_18: check annotation
[2018-10-09 08:52:30,714] INFO task_18: check annotation
[2018-10-09 08:52:33,710] INFO task_18: check annotation
[2018-10-09 08:52:36,719] INFO task_18: check annotation
[2018-10-09 08:52:39,710] INFO task_18: check annotation
[2018-10-09 08:52:42,709] INFO task_18: check annotation
[2018-10-09 08:52:45,708] INFO task_18: check annotation
[2018-10-09 08:52:48,708] INFO task_18: check annotation
[2018-10-09 08:52:51,708] INFO task_18: check annotation
[2018-10-09 08:52:54,708] INFO task_18: check annotation
[2018-10-09 08:52:57,709] INFO task_18: check annotation
[2018-10-09 08:53:00,708] INFO task_18: check annotation
[2018-10-09 08:53:03,708] INFO task_18: check annotation
[2018-10-09 08:53:06,708] INFO task_18: check annotation
[2018-10-09 08:53:09,708] INFO task_18: check annotation
[2018-10-09 08:53:12,708] INFO task_18: check annotation
[2018-10-09 08:53:15,708] INFO task_18: check annotation
[2018-10-09 08:53:18,708] INFO task_18: check annotation
[2018-10-09 08:53:21,708] INFO task_18: check annotation
[2018-10-09 08:53:24,708] INFO task_18: check annotation
[2018-10-09 08:53:27,708] INFO task_18: check annotation
[2018-10-09 08:53:30,708] INFO task_18: check annotation
[2018-10-09 08:53:33,708] INFO task_18: check annotation
[2018-10-09 08:53:36,708] INFO task_18: check annotation
[2018-10-09 08:53:39,708] INFO task_18: check annotation
[2018-10-09 08:53:42,708] INFO task_18: check annotation
[2018-10-09 08:53:45,708] INFO task_18: check annotation
[2018-10-09 08:53:48,708] INFO task_18: check annotation
[2018-10-09 08:53:51,708] INFO task_18: check annotation
[2018-10-09 08:53:54,715] INFO task_18: check annotation
[2018-10-09 08:53:57,712] INFO task_18: check annotation
[2018-10-09 08:54:00,708] INFO task_18: check annotation
[2018-10-09 08:54:03,718] INFO task_18: check annotation
[2018-10-09 08:54:06,716] INFO task_18: check annotation
[2018-10-09 08:54:09,716] INFO task_18: check annotation
[2018-10-09 08:54:12,708] INFO task_18: check annotation
[2018-10-09 08:54:15,715] INFO task_18: check annotation
[2018-10-09 08:54:18,708] INFO task_18: check annotation
[2018-10-09 08:54:21,708] INFO task_18: check annotation
[2018-10-09 08:54:24,719] INFO task_18: check annotation
[2018-10-09 08:54:27,713] INFO task_18: check annotation
[2018-10-09 08:54:30,715] INFO task_18: check annotation
[2018-10-09 08:54:33,709] INFO task_18: check annotation
[2018-10-09 08:54:36,710] INFO task_18: check annotation
[2018-10-09 08:54:39,720] INFO task_18: check annotation
[2018-10-09 08:54:42,717] INFO task_18: check annotation
[2018-10-09 08:54:45,717] INFO task_18: check annotation
[2018-10-09 08:54:48,718] INFO task_18: check annotation
[2018-10-09 08:54:51,710] INFO task_18: check annotation
[2018-10-09 08:54:54,718] INFO task_18: check annotation
[2018-10-09 08:54:57,711] INFO task_18: check annotation
[2018-10-09 08:55:00,708] INFO task_18: check annotation
[2018-10-09 08:55:03,717] INFO task_18: check annotation
[2018-10-09 08:55:06,720] INFO task_18: check annotation
[2018-10-09 08:55:09,720] INFO task_18: check annotation
[2018-10-09 08:55:12,718] INFO task_18: check annotation
[2018-10-09 08:55:15,718] INFO task_18: check annotation
[2018-10-09 08:55:18,719] INFO task_18: check annotation
[2018-10-09 08:55:21,721] INFO task_18: check annotation
[2018-10-09 08:55:24,712] INFO task_18: check annotation
[2018-10-09 08:55:27,719] INFO task_18: check annotation
[2018-10-09 08:55:30,719] INFO task_18: check annotation
[2018-10-09 08:55:33,718] INFO task_18: check annotation
[2018-10-09 08:55:36,718] INFO task_18: check annotation
[2018-10-09 08:55:39,713] INFO task_18: check annotation
[2018-10-09 08:55:42,718] INFO task_18: check annotation
[2018-10-09 08:55:45,718] INFO task_18: check annotation
[2018-10-09 08:55:48,720] INFO task_18: check annotation
[2018-10-09 08:55:51,720] INFO task_18: check annotation
[2018-10-09 08:55:54,708] INFO task_18: check annotation
[2018-10-09 08:55:57,715] INFO task_18: check annotation
[2018-10-09 08:56:00,708] INFO task_18: check annotation
[2018-10-09 08:56:03,719] INFO task_18: check annotation
[2018-10-09 08:56:06,708] INFO task_18: check annotation
[2018-10-09 08:56:09,712] INFO task_18: check annotation
[2018-10-09 08:56:12,717] INFO task_18: check annotation
[2018-10-09 08:56:15,708] INFO task_18: check annotation
[2018-10-09 08:56:18,709] INFO task_18: check annotation
[2018-10-09 08:56:21,710] INFO task_18: check annotation
[2018-10-09 08:56:24,708] INFO task_18: check annotation
[2018-10-09 08:56:27,715] INFO task_18: check annotation
[2018-10-09 08:56:30,708] INFO task_18: check annotation
[2018-10-09 08:56:33,711] INFO task_18: check annotation
[2018-10-09 08:56:36,709] INFO task_18: check annotation
[2018-10-09 08:56:39,715] INFO task_18: check annotation
[2018-10-09 08:56:42,711] INFO task_18: check annotation
[2018-10-09 08:56:45,709] INFO task_18: check annotation
[2018-10-09 08:56:48,707] INFO task_18: check annotation
[2018-10-09 08:56:51,710] INFO task_18: check annotation
[2018-10-09 08:56:54,715] INFO task_18: check annotation
[2018-10-09 08:56:57,708] INFO task_18: check annotation
[2018-10-09 08:57:00,708] INFO task_18: check annotation
[2018-10-09 08:57:03,708] INFO task_18: check annotation
[2018-10-09 08:57:06,708] INFO task_18: check annotation
[2018-10-09 08:57:09,711] INFO task_18: check annotation
[2018-10-09 08:57:12,710] INFO task_18: check annotation
[2018-10-09 08:57:15,709] INFO task_18: check annotation
[2018-10-09 08:57:18,709] INFO task_18: check annotation
[2018-10-09 08:57:21,711] INFO task_18: check annotation
[2018-10-09 08:57:24,708] INFO task_18: check annotation
[2018-10-09 08:57:27,710] INFO task_18: check annotation
[2018-10-09 08:57:30,709] INFO task_18: check annotation
[2018-10-09 08:57:33,720] INFO task_18: check annotation
[2018-10-09 08:57:36,719] INFO task_18: check annotation
[2018-10-09 08:57:39,719] INFO task_18: check annotation
[2018-10-09 08:57:42,708] INFO task_18: check annotation
[2018-10-09 08:57:45,716] INFO task_18: check annotation
[2018-10-09 08:57:48,717] INFO task_18: check annotation
[2018-10-09 08:57:51,719] INFO task_18: check annotation
[2018-10-09 08:57:54,718] INFO task_18: check annotation
[2018-10-09 08:57:57,708] INFO task_18: check annotation
[2018-10-09 08:58:00,708] INFO task_18: check annotation
[2018-10-09 08:58:03,708] INFO task_18: check annotation
[2018-10-09 08:58:06,708] INFO task_18: check annotation
[2018-10-09 08:58:09,709] INFO task_18: check annotation
[2018-10-09 08:58:12,708] INFO task_18: check annotation
[2018-10-09 08:58:15,708] INFO task_18: check annotation
[2018-10-09 08:58:18,708] INFO task_18: check annotation
[2018-10-09 08:58:21,718] INFO task_18: check annotation
[2018-10-09 08:58:24,718] INFO task_18: check annotation
[2018-10-09 08:58:27,718] INFO task_18: check annotation
[2018-10-09 08:58:30,715] INFO task_18: check annotation
[2018-10-09 08:58:33,719] INFO task_18: check annotation
[2018-10-09 08:58:36,707] INFO task_18: check annotation
[2018-10-09 08:58:39,708] INFO task_18: check annotation
[2018-10-09 08:58:42,708] INFO task_18: check annotation
[2018-10-09 08:58:45,708] INFO task_18: check annotation
[2018-10-09 08:58:48,713] INFO task_18: check annotation
[2018-10-09 08:58:51,708] INFO task_18: check annotation
[2018-10-09 08:58:54,708] INFO task_18: check annotation
[2018-10-09 08:58:57,708] INFO task_18: check annotation
[2018-10-09 08:59:00,708] INFO task_18: check annotation
[2018-10-09 08:59:03,708] INFO task_18: check annotation
[2018-10-09 08:59:06,708] INFO task_18: check annotation
[2018-10-09 08:59:09,708] INFO task_18: check annotation
[2018-10-09 08:59:12,717] INFO task_18: check annotation
[2018-10-09 08:59:15,709] INFO task_18: check annotation
[2018-10-09 08:59:18,709] INFO task_18: check annotation
[2018-10-09 08:59:21,708] INFO task_18: check annotation
[2018-10-09 08:59:24,710] INFO task_18: check annotation
[2018-10-09 08:59:27,708] INFO task_18: check annotation
[2018-10-09 08:59:30,708] INFO task_18: check annotation
[2018-10-09 08:59:33,708] INFO task_18: check annotation
[2018-10-09 08:59:36,708] INFO task_18: check annotation
[2018-10-09 08:59:39,708] INFO task_18: check annotation
[2018-10-09 08:59:42,709] INFO task_18: check annotation
[2018-10-09 08:59:45,709] INFO task_18: check annotation
[2018-10-09 08:59:48,710] INFO task_18: check annotation
[2018-10-09 08:59:51,708] INFO task_18: check annotation
[2018-10-09 08:59:54,708] INFO task_18: check annotation
[2018-10-09 08:59:57,708] INFO task_18: check annotation
[2018-10-09 09:00:00,708] INFO task_18: check annotation
[2018-10-09 09:00:03,708] INFO task_18: check annotation
[2018-10-09 09:00:06,707] INFO task_18: check annotation
[2018-10-09 09:00:09,709] INFO task_18: check annotation
[2018-10-09 09:00:12,708] INFO task_18: check annotation
[2018-10-09 09:00:15,708] INFO task_18: check annotation
[2018-10-09 09:00:18,710] INFO task_18: check annotation
[2018-10-09 09:00:21,710] INFO task_18: check annotation
[2018-10-09 09:00:24,715] INFO task_18: check annotation
[2018-10-09 09:00:27,719] INFO task_18: check annotation
[2018-10-09 09:00:30,708] INFO task_18: check annotation
[2018-10-09 09:00:33,714] INFO task_18: check annotation
[2018-10-09 09:00:36,708] INFO task_18: check annotation
[2018-10-09 09:00:39,718] INFO task_18: check annotation
[2018-10-09 09:00:42,709] INFO task_18: check annotation
[2018-10-09 09:00:45,708] INFO task_18: check annotation
[2018-10-09 09:00:48,708] INFO task_18: check annotation
[2018-10-09 09:00:51,709] INFO task_18: check annotation
[2018-10-09 09:00:54,708] INFO task_18: check annotation
[2018-10-09 09:00:57,708] INFO task_18: check annotation
[2018-10-09 09:01:00,708] INFO task_18: check annotation
[2018-10-09 09:01:03,712] INFO task_18: check annotation
[2018-10-09 09:01:06,708] INFO task_18: check annotation
[2018-10-09 09:01:09,710] INFO task_18: check annotation
[2018-10-09 09:01:12,709] INFO task_18: check annotation
[2018-10-09 09:01:15,708] INFO task_18: check annotation
[2018-10-09 09:01:18,708] INFO task_18: check annotation
[2018-10-09 09:01:21,714] INFO task_18: check annotation
[2018-10-09 09:01:24,709] INFO task_18: check annotation
[2018-10-09 09:01:27,709] INFO task_18: check annotation
[2018-10-09 09:01:30,708] INFO task_18: check annotation
[2018-10-09 09:01:33,708] INFO task_18: check annotation
[2018-10-09 09:01:36,708] INFO task_18: check annotation
[2018-10-09 09:01:39,708] INFO task_18: check annotation
[2018-10-09 09:01:42,708] INFO task_18: check annotation
[2018-10-09 09:01:45,709] INFO task_18: check annotation
[2018-10-09 09:01:48,709] INFO task_18: check annotation
[2018-10-09 09:01:51,708] INFO task_18: check annotation
[2018-10-09 09:01:54,708] INFO task_18: check annotation
[2018-10-09 09:01:57,708] INFO task_18: check annotation
[2018-10-09 09:02:00,711] INFO task_18: check annotation
[2018-10-09 09:02:03,710] INFO task_18: check annotation
[2018-10-09 09:02:06,708] INFO task_18: check annotation
[2018-10-09 09:02:09,708] INFO task_18: check annotation
[2018-10-09 09:02:12,719] INFO task_18: check annotation
[2018-10-09 09:02:15,708] INFO task_18: check annotation
[2018-10-09 09:02:18,708] INFO task_18: check annotation
[2018-10-09 09:02:20,914] INFO task_18: check annotation
[2018-10-09 09:02:24,707] INFO task_18: check annotation
[2018-10-09 09:02:26,982] INFO task_18: check annotation
[2018-10-09 09:02:29,913] INFO task_18: check annotation
[2018-10-09 09:02:32,914] INFO task_18: check annotation
[2018-10-09 09:02:35,920] INFO task_18: check annotation
