[2018-10-10 05:24:23,081] ERROR task_25: cannot get frame #0
Traceback (most recent call last):
  File "/home/yilinma/Documents/LabellingTool/cvat/cvat/apps/engine/views.py", line 140, in get_frame
    return sendfile(request, path)
  File "/home/yilinma/Documents/LabellingTool/cvat/cvat/venv_labelling_tool/lib/python3.6/site-packages/sendfile/__init__.py", line 59, in sendfile
    raise Http404('"%s" does not exist' % filename)
django.http.response.Http404: "/home/yilinma/Documents/LabellingTool/cvat/data/25/data/0/0/0.jpg" does not exist
[2018-10-10 05:24:23,081] ERROR task_24: cannot get frame #0
Traceback (most recent call last):
  File "/home/yilinma/Documents/LabellingTool/cvat/cvat/apps/engine/views.py", line 140, in get_frame
    return sendfile(request, path)
  File "/home/yilinma/Documents/LabellingTool/cvat/cvat/venv_labelling_tool/lib/python3.6/site-packages/sendfile/__init__.py", line 59, in sendfile
    raise Http404('"%s" does not exist' % filename)
django.http.response.Http404: "/home/yilinma/Documents/LabellingTool/cvat/data/24/data/0/0/0.jpg" does not exist
[2018-10-10 05:57:57,410] ERROR task_24: cannot get frame #0
Traceback (most recent call last):
  File "/home/yilinma/Documents/LabellingTool/cvat/cvat/apps/engine/views.py", line 140, in get_frame
    return sendfile(request, path)
  File "/home/yilinma/Documents/LabellingTool/cvat/cvat/venv_labelling_tool/lib/python3.6/site-packages/sendfile/__init__.py", line 59, in sendfile
    raise Http404('"%s" does not exist' % filename)
django.http.response.Http404: "/home/yilinma/Documents/LabellingTool/cvat/data/24/data/0/0/0.jpg" does not exist
[2018-10-10 08:40:02,681] ERROR task_24: cannot get frame #0
Traceback (most recent call last):
  File "/home/yilinma/Documents/LabellingTool/cvat/cvat/apps/engine/views.py", line 140, in get_frame
    return sendfile(request, path)
  File "/home/yilinma/Documents/LabellingTool/cvat/cvat/venv_labelling_tool/lib/python3.6/site-packages/sendfile/__init__.py", line 59, in sendfile
    raise Http404('"%s" does not exist' % filename)
django.http.response.Http404: "/home/yilinma/Documents/LabellingTool/cvat/data/24/data/0/0/0.jpg" does not exist
[2018-10-10 08:40:16,467] ERROR task_24: cannot get frame #0
Traceback (most recent call last):
  File "/home/yilinma/Documents/LabellingTool/cvat/cvat/apps/engine/views.py", line 140, in get_frame
    return sendfile(request, path)
  File "/home/yilinma/Documents/LabellingTool/cvat/cvat/venv_labelling_tool/lib/python3.6/site-packages/sendfile/__init__.py", line 59, in sendfile
    raise Http404('"%s" does not exist' % filename)
django.http.response.Http404: "/home/yilinma/Documents/LabellingTool/cvat/data/24/data/0/0/0.jpg" does not exist
